<?xml version="1.0" encoding="UTF-8"?>
<!-- Generated by org.testng.reporters.JUnitXMLReporter -->
<testsuite hostname="IE1FLT1G5T6C2" ignored="0" name="Default test" tests="5" failures="0" timestamp="08 Apr 2017 09:03:08 GMT" time="12.366" errors="0">
  <testcase name="verifyDroppable" time="1.089" classname="RegistrationTestSuite.TestSuite"/>
  <testcase name="verifyRegistration" time="1.214" classname="RegistrationTestSuite.TestSuite"/>
  <testcase name="verifySubMenu" time="1.678" classname="RegistrationTestSuite.TestSuite"/>
  <testcase name="verifyTabs" time="1.289" classname="RegistrationTestSuite.TestSuite"/>
  <testcase name="verifyTooltip" time="1.14" classname="RegistrationTestSuite.TestSuite"/>
</testsuite> <!-- Default test -->
