<?xml version="1.0" encoding="UTF-8"?>
<!-- Generated by org.testng.reporters.JUnitXMLReporter -->
<testsuite hostname="IE1FLT1G5T6C2" ignored="1" name="Test" tests="4" failures="0" timestamp="08 Apr 2017 09:06:45 GMT" time="11.621" errors="0">
  <testcase name="verifySubMenu" time="1.538" classname="RegistrationTestSuite.TestSuite"/>
  <testcase name="verifyTabs" time="1.52" classname="RegistrationTestSuite.TestSuite"/>
  <testcase name="verifyTooltip" time="1.111" classname="RegistrationTestSuite.TestSuite"/>
  <testcase name="verifyDroppable" time="1.185" classname="RegistrationTestSuite.TestSuite"/>
  <testcase name="verifyRegistration" time="0.0" classname="RegistrationTestSuite.TestSuite">
    <ignored/>
  </testcase> <!-- verifyRegistration -->
</testsuite> <!-- Test -->
